hp-check[10518]: info: :
hp-check[10518]: info: :[01mHP Linux Imaging and Printing System (ver. 3.21.12)[0m
hp-check[10518]: info: :[01mDependency/Version Check Utility ver. 15.1[0m
hp-check[10518]: info: :
hp-check[10518]: info: :Copyright (c) 2001-18 HP Development Company, LP
hp-check[10518]: info: :This software comes with ABSOLUTELY NO WARRANTY.
hp-check[10518]: info: :This is free software, and you are welcome to distribute it
hp-check[10518]: info: :under certain conditions. See COPYING file for more details.
hp-check[10518]: info: :
hp-check[10518]: info: :[01mNote: hp-check can be run in three modes:[0m
hp-check[10518]: info: :1. Compile-time check mode (-c or --compile): Use this mode before compiling the
hp-check[10518]: info: :HPLIP supplied tarball (.tar.gz or .run) to determine if the proper dependencies
hp-check[10518]: info: :are installed to successfully compile HPLIP.                                    
hp-check[10518]: info: :2. Run-time check mode (-r or --run): Use this mode to determine if a distro    
hp-check[10518]: info: :supplied package (.deb, .rpm, etc) or an already built HPLIP supplied tarball   
hp-check[10518]: info: :has the proper dependencies installed to successfully run.                      
hp-check[10518]: info: :3. Both compile- and run-time check mode (-b or --both) (Default): This mode    
hp-check[10518]: info: :will check both of the above cases (both compile- and run-time dependencies).   
hp-check[10518]: info: :
hp-check[10518]: info: :Check types:                                                                    
hp-check[10518]: info: :a. EXTERNALDEP - External Dependencies                                          
hp-check[10518]: info: :b. GENERALDEP - General Dependencies (required both at compile and run time)    
hp-check[10518]: info: :c. COMPILEDEP - Compile time Dependencies                                       
hp-check[10518]: info: :d. [All are run-time checks]                                                    
hp-check[10518]: info: :PYEXT SCANCONF QUEUES PERMISSION                                                
hp-check[10518]: info: :
hp-check[10518]: info: :Status Types:
hp-check[10518]: info: :    OK
hp-check[10518]: info: :    MISSING       - Missing Dependency or Permission or Plug-in
hp-check[10518]: info: :    INCOMPAT      - Incompatible dependency-version or Plugin-version
hp-check[10518]: info: :
